0 verbose cli /Users/verak/.nvm/versions/node/v18.15.0/bin/node /Users/verak/.nvm/versions/node/v18.15.0/bin/npm
1 info using npm@9.5.0
2 info using node@v18.15.0
3 timing npm:load:whichnode Completed in 1ms
4 timing config:load:defaults Completed in 1ms
5 timing config:load:file:/Users/verak/.nvm/versions/node/v18.15.0/lib/node_modules/npm/npmrc Completed in 0ms
6 timing config:load:builtin Completed in 0ms
7 timing config:load:cli Completed in 2ms
8 timing config:load:env Completed in 1ms
9 timing config:load:file:/Users/verak/Development/code/Udemy/CryptoApp/.npmrc Completed in 0ms
10 timing config:load:project Completed in 1ms
11 timing config:load:file:/Users/verak/.npmrc Completed in 0ms
12 timing config:load:user Completed in 1ms
13 timing config:load:file:/Users/verak/.nvm/versions/node/v18.15.0/etc/npmrc Completed in 0ms
14 timing config:load:global Completed in 0ms
15 timing config:load:setEnvs Completed in 1ms
16 timing config:load Completed in 8ms
17 timing npm:load:configload Completed in 8ms
18 timing npm:load:mkdirpcache Completed in 1ms
19 timing npm:load:mkdirplogs Completed in 0ms
20 verbose title npm start
21 verbose argv "start" "--cache" "clean"
22 timing npm:load:setTitle Completed in 23ms
23 timing config:load:flatten Completed in 4ms
24 timing npm:load:display Completed in 4ms
25 verbose logfile logs-max:10 dir:/Users/verak/Development/code/Udemy/CryptoApp/clean/_logs/2023-04-18T23_20_11_396Z-
26 verbose logfile /Users/verak/Development/code/Udemy/CryptoApp/clean/_logs/2023-04-18T23_20_11_396Z-debug-0.log
27 timing npm:load:logFile Completed in 6ms
28 timing npm:load:timers Completed in 0ms
29 timing npm:load:configScope Completed in 0ms
30 timing npm:load Completed in 44ms
31 silly logfile done cleaning log files
32 http fetch GET 200 https://registry.npmjs.org/npm 955ms (cache miss)
33 http fetch GET 200 https://registry.npmjs.org/npm 1011ms (cache miss)
34 timing command:run-script Completed in 255660ms
35 timing command:start Completed in 255667ms
36 notice
36 notice New [33mminor[39m version of npm available! [31m9.5.0[39m -> [32m9.6.4[39m
36 notice Changelog: [36mhttps://github.com/npm/cli/releases/tag/v9.6.4[39m
36 notice Run [32mnpm install -g npm@9.6.4[39m to update!
36 notice
37 verbose exit 0
38 timing npm Completed in 255725ms
39 info ok
